This is pdfTeX, Version 3.14159265-2.6-1.40.20 (TeX Live 2019/W32TeX) (preloaded format=pdflatex 2019.11.7)  15 OCT 2020 18:30
entering extended mode
 restricted \write18 enabled.
 %&-line parsing enabled.
**Edoardo_Silva_Assignment01.tex
(./Edoardo_Silva_Assignment01.tex
LaTeX2e <2019-10-01> patch level 1

(d:/Program Files (x86)/TeXworks/texlive/2019/texmf-dist/tex/latex/base/article
.cls
Document Class: article 2019/08/27 v1.4j Standard LaTeX document class

(d:/Program Files (x86)/TeXworks/texlive/2019/texmf-dist/tex/latex/base/size11.
clo
File: size11.clo 2019/08/27 v1.4j Standard LaTeX file (size option)
)
\c@part=\count80
\c@section=\count81
\c@subsection=\count82
\c@subsubsection=\count83
\c@paragraph=\count84
\c@subparagraph=\count85
\c@figure=\count86
\c@table=\count87
\abovecaptionskip=\skip41
\belowcaptionskip=\skip42
\bibindent=\dimen102
)
(d:/Program Files (x86)/TeXworks/texlive/2019/texmf-dist/tex/latex/base/fontenc
.sty
Package: fontenc 2018/08/11 v2.0j Standard LaTeX package

(d:/Program Files (x86)/TeXworks/texlive/2019/texmf-dist/tex/latex/base/t1enc.d
ef
File: t1enc.def 2018/08/11 v2.0j Standard LaTeX file
LaTeX Font Info:    Redeclaring font encoding T1 on input line 48.
))
(d:/Program Files (x86)/TeXworks/texlive/2019/texmf-dist/tex/latex/base/inputen
c.sty
Package: inputenc 2018/08/11 v1.3c Input encoding file
\inpenc@prehook=\toks14
\inpenc@posthook=\toks15
)
(d:/Program Files (x86)/TeXworks/texlive/2019/texmf-dist/tex/generic/babel/babe
l.sty
Package: babel 2019/10/15 3.35 The Babel package

(d:/Program Files (x86)/TeXworks/texlive/2019/texmf-dist/tex/generic/babel/swit
ch.def
File: switch.def 2019/10/15 3.35 Babel switching mechanism
)
(d:/Program Files (x86)/TeXworks/texlive/2019/texmf-dist/tex/generic/babel-engl
ish/english.ldf
Language: english 2017/06/06 v3.3r English support from the babel system

(d:/Program Files (x86)/TeXworks/texlive/2019/texmf-dist/tex/generic/babel/babe
l.def
File: babel.def 2019/10/15 3.35 Babel common definitions
\babel@savecnt=\count88
\U@D=\dimen103

(d:/Program Files (x86)/TeXworks/texlive/2019/texmf-dist/tex/generic/babel/txtb
abel.def)
\bbl@dirlevel=\count89
)
\l@canadian = a dialect from \language\l@american 
\l@australian = a dialect from \language\l@british 
\l@newzealand = a dialect from \language\l@british 
))
(d:/Program Files (x86)/TeXworks/texlive/2019/texmf-dist/tex/latex/blindtext/bl
indtext.sty
Package: blindtext 2012/01/06 V2.0 blindtext-Package

(d:/Program Files (x86)/TeXworks/texlive/2019/texmf-dist/tex/latex/tools/xspace
.sty
Package: xspace 2014/10/28 v1.13 Space after command names (DPC,MH)
)
\c@blindtext=\count90
\c@Blindtext=\count91
\c@blind@countparstart=\count92
\blind@countxx=\count93
\blindtext@numBlindtext=\count94
\blind@countyy=\count95
\c@blindlist=\count96
\c@blindlistlevel=\count97
\c@blindlist@level=\count98
\blind@listitem=\count99
\c@blind@listcount=\count100
\c@blind@levelcount=\count101
\blind@mathformula=\count102
\blind@Mathformula=\count103
\c@blind@randomcount=\count104
\c@blind@randommax=\count105
\c@blind@pangramcount=\count106
\c@blind@pangrammax=\count107
)
(d:/Program Files (x86)/TeXworks/texlive/2019/texmf-dist/tex/latex/enumitem/enu
mitem.sty
Package: enumitem 2019/06/20 v3.9 Customized lists
\enitkv@toks@=\toks16
\labelindent=\skip43
\enit@outerparindent=\dimen104
\enit@toks=\toks17
\enit@inbox=\box27
\enit@count@id=\count108
\enitdp@description=\count109
)
(d:/Program Files (x86)/TeXworks/texlive/2019/texmf-dist/tex/latex/float/float.
sty
Package: float 2001/11/08 v1.3d Float enhancements (AL)
\c@float@type=\count110
\float@exts=\toks18
\float@box=\box28
\@float@everytoks=\toks19
\@floatcapt=\box29
)
(d:/Program Files (x86)/TeXworks/texlive/2019/texmf-dist/tex/latex/xcolor/xcolo
r.sty
Package: xcolor 2016/05/11 v2.12 LaTeX color extensions (UK)

(d:/Program Files (x86)/TeXworks/texlive/2019/texmf-dist/tex/latex/graphics-cfg
/color.cfg
File: color.cfg 2016/01/02 v1.6 sample color configuration
)
Package xcolor Info: Driver file: pdftex.def on input line 225.

(d:/Program Files (x86)/TeXworks/texlive/2019/texmf-dist/tex/latex/graphics-def
/pdftex.def
File: pdftex.def 2018/01/08 v1.0l Graphics/color driver for pdftex
)
Package xcolor Info: Model `cmy' substituted by `cmy0' on input line 1348.
Package xcolor Info: Model `hsb' substituted by `rgb' on input line 1352.
Package xcolor Info: Model `RGB' extended on input line 1364.
Package xcolor Info: Model `HTML' substituted by `rgb' on input line 1366.
Package xcolor Info: Model `Hsb' substituted by `hsb' on input line 1367.
Package xcolor Info: Model `tHsb' substituted by `hsb' on input line 1368.
Package xcolor Info: Model `HSB' substituted by `hsb' on input line 1369.
Package xcolor Info: Model `Gray' substituted by `gray' on input line 1370.
Package xcolor Info: Model `wave' substituted by `hsb' on input line 1371.
)
(d:/Program Files (x86)/TeXworks/texlive/2019/texmf-dist/tex/latex/caption/capt
ion.sty
Package: caption 2019/09/01 v3.3d Customizing captions (AR)

(d:/Program Files (x86)/TeXworks/texlive/2019/texmf-dist/tex/latex/caption/capt
ion3.sty
Package: caption3 2019/09/01 v1.8d caption3 kernel (AR)
Package caption3 Info: TeX engine: e-TeX on input line 64.

(d:/Program Files (x86)/TeXworks/texlive/2019/texmf-dist/tex/latex/graphics/key
val.sty
Package: keyval 2014/10/28 v1.15 key=value parser (DPC)
\KV@toks@=\toks20
)
\captionmargin=\dimen105
\captionmargin@=\dimen106
\captionwidth=\dimen107
\caption@tempdima=\dimen108
\caption@indent=\dimen109
\caption@parindent=\dimen110
\caption@hangindent=\dimen111
)
\c@caption@flags=\count111
\c@ContinuedFloat=\count112
Package caption Info: float package is loaded.
)
(d:/Program Files (x86)/TeXworks/texlive/2019/texmf-dist/tex/latex/caption/subc
aption.sty
Package: subcaption 2019/09/01 v1.3a Sub-captions (AR)
\c@subfigure=\count113
\c@subtable=\count114
)
(d:/Program Files (x86)/TeXworks/texlive/2019/texmf-dist/tex/latex/listings/lis
tings.sty
\lst@mode=\count115
\lst@gtempboxa=\box30
\lst@token=\toks21
\lst@length=\count116
\lst@currlwidth=\dimen112
\lst@column=\count117
\lst@pos=\count118
\lst@lostspace=\dimen113
\lst@width=\dimen114
\lst@newlines=\count119
\lst@lineno=\count120
\lst@maxwidth=\dimen115

(d:/Program Files (x86)/TeXworks/texlive/2019/texmf-dist/tex/latex/listings/lst
misc.sty
File: lstmisc.sty 2019/09/10 1.8c (Carsten Heinz)
\c@lstnumber=\count121
\lst@skipnumbers=\count122
\lst@framebox=\box31
)
(d:/Program Files (x86)/TeXworks/texlive/2019/texmf-dist/tex/latex/listings/lis
tings.cfg
File: listings.cfg 2019/09/10 1.8c listings configuration
))
Package: listings 2019/09/10 1.8c (Carsten Heinz)

(d:/Program Files (x86)/TeXworks/texlive/2019/texmf-dist/tex/latex/hyperref/hyp
erref.sty
Package: hyperref 2019/09/28 v7.00a Hypertext links for LaTeX

(d:/Program Files (x86)/TeXworks/texlive/2019/texmf-dist/tex/generic/oberdiek/h
obsub-hyperref.sty
Package: hobsub-hyperref 2019/10/27
hobsub not currently supported, see hobsub.dtx to extract original code

(d:/Program Files (x86)/TeXworks/texlive/2019/texmf-dist/tex/generic/oberdiek/l
txcmds.sty
Package: ltxcmds 2016/05/16 v1.23 LaTeX kernel commands for general use (HO)
)
(d:/Program Files (x86)/TeXworks/texlive/2019/texmf-dist/tex/generic/iftex/ifvt
ex.sty
Package: ifvtex 2019/10/25 v1.7 ifvtex legacy package. Use iftex instead.

(d:/Program Files (x86)/TeXworks/texlive/2019/texmf-dist/tex/generic/iftex/ifte
x.sty
Package: iftex 2019/11/04 v1.0b TeX engine tests
))
(d:/Program Files (x86)/TeXworks/texlive/2019/texmf-dist/tex/generic/oberdiek/p
dftexcmds.sty
Package: pdftexcmds 2019/07/25 v0.30 Utility functions of pdfTeX for LuaTeX (HO
)

(d:/Program Files (x86)/TeXworks/texlive/2019/texmf-dist/tex/generic/oberdiek/i
nfwarerr.sty
Package: infwarerr 2016/05/16 v1.4 Providing info/warning/error messages (HO)
)
(d:/Program Files (x86)/TeXworks/texlive/2019/texmf-dist/tex/generic/iftex/iflu
atex.sty
Package: ifluatex 2019/10/25 v1.5 ifluatex legacy package. Use iftex instead.
)
(d:/Program Files (x86)/TeXworks/texlive/2019/texmf-dist/tex/generic/iftex/ifpd
f.sty
Package: ifpdf 2019/10/25 v3.4 ifpdf legacy package. Use iftex instead.
)
Package pdftexcmds Info: LuaTeX not detected.
Package pdftexcmds Info: \pdf@primitive is available.
Package pdftexcmds Info: \pdf@ifprimitive is available.
Package pdftexcmds Info: \pdfdraftmode found.
)
(d:/Program Files (x86)/TeXworks/texlive/2019/texmf-dist/tex/generic/oberdiek/k
vsetkeys.sty
Package: kvsetkeys 2016/05/16 v1.17 Key value parser (HO)

(d:/Program Files (x86)/TeXworks/texlive/2019/texmf-dist/tex/generic/oberdiek/e
texcmds.sty
Package: etexcmds 2016/05/16 v1.6 Avoid name clashes with e-TeX commands (HO)
))
(d:/Program Files (x86)/TeXworks/texlive/2019/texmf-dist/tex/generic/oberdiek/k
vdefinekeys.sty
Package: kvdefinekeys 2016/05/16 v1.4 Define keys (HO)
)
(d:/Program Files (x86)/TeXworks/texlive/2019/texmf-dist/tex/generic/oberdiek/p
dfescape.sty
Package: pdfescape 2016/05/16 v1.14 Implements pdfTeX's escape features (HO)
)
(d:/Program Files (x86)/TeXworks/texlive/2019/texmf-dist/tex/latex/oberdiek/hyc
olor.sty
Package: hycolor 2016/05/16 v1.8 Color options for hyperref/bookmark (HO)

(d:/Program Files (x86)/TeXworks/texlive/2019/texmf-dist/tex/latex/oberdiek/xco
lor-patch.sty
Package: xcolor-patch 2016/05/16 xcolor patch

(d:/Program Files (x86)/TeXworks/texlive/2019/texmf-dist/tex/latex/oberdiek/hop
atch.sty
Package: hopatch 2016/05/16 v1.3 Wrapper for package hooks (HO)
)))
(d:/Program Files (x86)/TeXworks/texlive/2019/texmf-dist/tex/latex/oberdiek/let
ltxmacro.sty
Package: letltxmacro 2016/05/16 v1.5 Let assignment for LaTeX macros (HO)
))
(d:/Program Files (x86)/TeXworks/texlive/2019/texmf-dist/tex/latex/oberdiek/aux
hook.sty
Package: auxhook 2016/05/16 v1.4 Hooks for auxiliary files (HO)
)
(d:/Program Files (x86)/TeXworks/texlive/2019/texmf-dist/tex/generic/iftex/ifxe
tex.sty
Package: ifxetex 2019/10/25 v0.7 ifxetex legacy package. Use iftex instead.
)
(d:/Program Files (x86)/TeXworks/texlive/2019/texmf-dist/tex/latex/oberdiek/kvo
ptions.sty
Package: kvoptions 2016/05/16 v3.12 Key value format for package options (HO)
)
\@linkdim=\dimen116
\Hy@linkcounter=\count123
\Hy@pagecounter=\count124

(d:/Program Files (x86)/TeXworks/texlive/2019/texmf-dist/tex/latex/hyperref/pd1
enc.def
File: pd1enc.def 2019/09/28 v7.00a Hyperref: PDFDocEncoding definition (HO)
Now handling font encoding PD1 ...
... no UTF-8 mapping file for font encoding PD1
)
(d:/Program Files (x86)/TeXworks/texlive/2019/texmf-dist/tex/generic/oberdiek/i
ntcalc.sty
Package: intcalc 2016/05/16 v1.2 Expandable calculations with integers (HO)
)
\Hy@SavedSpaceFactor=\count125

(d:/Program Files (x86)/TeXworks/texlive/2019/texmf-dist/tex/latex/latexconfig/
hyperref.cfg
File: hyperref.cfg 2002/06/06 v1.2 hyperref configuration of TeXLive
)
Package hyperref Info: Hyper figures OFF on input line 4540.
Package hyperref Info: Link nesting OFF on input line 4545.
Package hyperref Info: Hyper index ON on input line 4548.
Package hyperref Info: Plain pages OFF on input line 4555.
Package hyperref Info: Backreferencing OFF on input line 4560.
Package hyperref Info: Implicit mode ON; LaTeX internals redefined.
Package hyperref Info: Bookmarks ON on input line 4793.
\c@Hy@tempcnt=\count126

(d:/Program Files (x86)/TeXworks/texlive/2019/texmf-dist/tex/latex/url/url.sty
\Urlmuskip=\muskip10
Package: url 2013/09/16  ver 3.4  Verb mode for urls, etc.
)
LaTeX Info: Redefining \url on input line 5152.
\XeTeXLinkMargin=\dimen117

(d:/Program Files (x86)/TeXworks/texlive/2019/texmf-dist/tex/generic/oberdiek/b
itset.sty
Package: bitset 2016/05/16 v1.2 Handle bit-vector datatype (HO)

(d:/Program Files (x86)/TeXworks/texlive/2019/texmf-dist/tex/generic/oberdiek/b
igintcalc.sty
Package: bigintcalc 2016/05/16 v1.4 Expandable calculations on big integers (HO
)
))
\Fld@menulength=\count127
\Field@Width=\dimen118
\Fld@charsize=\dimen119
Package hyperref Info: Hyper figures OFF on input line 6423.
Package hyperref Info: Link nesting OFF on input line 6428.
Package hyperref Info: Hyper index ON on input line 6431.
Package hyperref Info: backreferencing OFF on input line 6438.
Package hyperref Info: Link coloring OFF on input line 6443.
Package hyperref Info: Link coloring with OCG OFF on input line 6448.
Packag